0 info it worked if it ends with ok
1 verbose cli [ '/usr/local/bin/node', '/usr/local/bin/npm', 'start' ]
2 info using npm@3.6.0
3 info using node@v5.6.0
4 verbose run-script [ 'prestart', 'start', 'poststart' ]
5 info lifecycle hawkpass-desktop@1.3.1-Alpha~prestart: hawkpass-desktop@1.3.1-Alpha
6 silly lifecycle hawkpass-desktop@1.3.1-Alpha~prestart: no script for prestart, continuing
7 info lifecycle hawkpass-desktop@1.3.1-Alpha~start: hawkpass-desktop@1.3.1-Alpha
8 verbose lifecycle hawkpass-desktop@1.3.1-Alpha~start: unsafe-perm in lifecycle true
9 verbose lifecycle hawkpass-desktop@1.3.1-Alpha~start: PATH: /usr/local/lib/node_modules/npm/bin/node-gyp-bin:/home/kalpetros/Dropbox/Projects/Desktop/hawkpass-desktop/node_modules/.bin:/usr/local/heroku/bin:/home/kalpetros/.rvm/gems/ruby-2.2.1/bin:/home/kalpetros/.rvm/gems/ruby-2.2.1@global/bin:/home/kalpetros/.rvm/rubies/ruby-2.2.1/bin:/usr/local/sbin:/usr/local/bin:/usr/sbin:/usr/bin:/sbin:/bin:/usr/games:/usr/local/games:/home/kalpetros/.rvm/bin:/home/kalpetros/.rvm/bin
10 verbose lifecycle hawkpass-desktop@1.3.1-Alpha~start: CWD: /home/kalpetros/Dropbox/Projects/Desktop/hawkpass-desktop
11 silly lifecycle hawkpass-desktop@1.3.1-Alpha~start: Args: [ '-c', 'electron maisn.js' ]
12 silly lifecycle hawkpass-desktop@1.3.1-Alpha~start: Returned: code: 1  signal: null
13 info lifecycle hawkpass-desktop@1.3.1-Alpha~start: Failed to exec start script
14 verbose stack Error: hawkpass-desktop@1.3.1-Alpha start: `electron maisn.js`
14 verbose stack Exit status 1
14 verbose stack     at EventEmitter.<anonymous> (/usr/local/lib/node_modules/npm/lib/utils/lifecycle.js:232:16)
14 verbose stack     at emitTwo (events.js:100:13)
14 verbose stack     at EventEmitter.emit (events.js:185:7)
14 verbose stack     at ChildProcess.<anonymous> (/usr/local/lib/node_modules/npm/lib/utils/spawn.js:24:14)
14 verbose stack     at emitTwo (events.js:100:13)
14 verbose stack     at ChildProcess.emit (events.js:185:7)
14 verbose stack     at maybeClose (internal/child_process.js:827:16)
14 verbose stack     at Process.ChildProcess._handle.onexit (internal/child_process.js:211:5)
15 verbose pkgid hawkpass-desktop@1.3.1-Alpha
16 verbose cwd /home/kalpetros/Dropbox/Projects/Desktop/hawkpass-desktop
17 error Linux 3.19.0-51-generic
18 error argv "/usr/local/bin/node" "/usr/local/bin/npm" "start"
19 error node v5.6.0
20 error npm  v3.6.0
21 error code ELIFECYCLE
22 error hawkpass-desktop@1.3.1-Alpha start: `electron maisn.js`
22 error Exit status 1
23 error Failed at the hawkpass-desktop@1.3.1-Alpha start script 'electron maisn.js'.
23 error Make sure you have the latest version of node.js and npm installed.
23 error If you do, this is most likely a problem with the hawkpass-desktop package,
23 error not with npm itself.
23 error Tell the author that this fails on your system:
23 error     electron maisn.js
23 error You can get information on how to open an issue for this project with:
23 error     npm bugs hawkpass-desktop
23 error Or if that isn't available, you can get their info via:
23 error     npm owner ls hawkpass-desktop
23 error There is likely additional logging output above.
24 verbose exit [ 1, true ]
